<?xml version="1.0" encoding="UTF-8"?>
<testng-results ignored="0" total="3" passed="3" failed="0" skipped="0">
  <reporter-output>
  </reporter-output>
  <suite started-at="2024-02-02T05:10:25 GMT" name="Default suite" finished-at="2024-02-02T05:10:25 GMT" duration-ms="102">
    <groups>
    </groups>
    <test started-at="2024-02-02T05:10:25 GMT" name="Default test" finished-at="2024-02-02T05:10:25 GMT" duration-ms="102">
      <class name="testngexample.testnannotation">
        <test-method is-config="true" signature="inbeforetest()[pri:0, instance:testngexample.testnannotation@6404f418]" started-at="2024-02-02T05:10:25 GMT" name="inbeforetest" finished-at="2024-02-02T05:10:25 GMT" duration-ms="16" status="PASS">
          <reporter-output>
          </reporter-output>
        </test-method> <!-- inbeforetest -->
        <test-method is-config="true" signature="inbeforeclass()[pri:0, instance:testngexample.testnannotation@6404f418]" started-at="2024-02-02T05:10:25 GMT" name="inbeforeclass" finished-at="2024-02-02T05:10:25 GMT" duration-ms="1" status="PASS">
          <reporter-output>
          </reporter-output>
        </test-method> <!-- inbeforeclass -->
        <test-method is-config="true" signature="inbeforemethod()[pri:0, instance:testngexample.testnannotation@6404f418]" started-at="2024-02-02T05:10:25 GMT" name="inbeforemethod" finished-at="2024-02-02T05:10:25 GMT" duration-ms="1" status="PASS">
          <reporter-output>
          </reporter-output>
        </test-method> <!-- inbeforemethod -->
        <test-method signature="testcase1()[pri:0, instance:testngexample.testnannotation@6404f418]" started-at="2024-02-02T05:10:25 GMT" name="testcase1" finished-at="2024-02-02T05:10:25 GMT" duration-ms="7" status="PASS">
          <reporter-output>
          </reporter-output>
        </test-method> <!-- testcase1 -->
        <test-method is-config="true" signature="inaftermethod()[pri:0, instance:testngexample.testnannotation@6404f418]" started-at="2024-02-02T05:10:25 GMT" name="inaftermethod" finished-at="2024-02-02T05:10:25 GMT" duration-ms="0" status="PASS">
          <reporter-output>
          </reporter-output>
        </test-method> <!-- inaftermethod -->
        <test-method is-config="true" signature="inbeforemethod()[pri:0, instance:testngexample.testnannotation@6404f418]" started-at="2024-02-02T05:10:25 GMT" name="inbeforemethod" finished-at="2024-02-02T05:10:25 GMT" duration-ms="1" status="PASS">
          <reporter-output>
          </reporter-output>
        </test-method> <!-- inbeforemethod -->
        <test-method signature="testcase3()[pri:0, instance:testngexample.testnannotation@6404f418]" started-at="2024-02-02T05:10:25 GMT" name="testcase3" finished-at="2024-02-02T05:10:25 GMT" duration-ms="4" status="PASS">
          <reporter-output>
          </reporter-output>
        </test-method> <!-- testcase3 -->
        <test-method is-config="true" signature="inaftermethod()[pri:0, instance:testngexample.testnannotation@6404f418]" started-at="2024-02-02T05:10:25 GMT" name="inaftermethod" finished-at="2024-02-02T05:10:25 GMT" duration-ms="1" status="PASS">
          <reporter-output>
          </reporter-output>
        </test-method> <!-- inaftermethod -->
        <test-method signature="testcase2()[pri:1, instance:testngexample.testnannotation@6404f418]" started-at="2024-02-02T05:10:25 GMT" name="testcase2" finished-at="2024-02-02T05:10:25 GMT" duration-ms="2" status="PASS">
          <reporter-output>
          </reporter-output>
        </test-method> <!-- testcase2 -->
        <test-method is-config="true" signature="inbeforemethod()[pri:0, instance:testngexample.testnannotation@6404f418]" started-at="2024-02-02T05:10:25 GMT" name="inbeforemethod" finished-at="2024-02-02T05:10:25 GMT" duration-ms="0" status="PASS">
          <reporter-output>
          </reporter-output>
        </test-method> <!-- inbeforemethod -->
        <test-method is-config="true" signature="inaftermethod()[pri:0, instance:testngexample.testnannotation@6404f418]" started-at="2024-02-02T05:10:25 GMT" name="inaftermethod" finished-at="2024-02-02T05:10:25 GMT" duration-ms="0" status="PASS">
          <reporter-output>
          </reporter-output>
        </test-method> <!-- inaftermethod -->
        <test-method is-config="true" signature="inafterclass()[pri:0, instance:testngexample.testnannotation@6404f418]" started-at="2024-02-02T05:10:25 GMT" name="inafterclass" finished-at="2024-02-02T05:10:25 GMT" duration-ms="0" status="PASS">
          <reporter-output>
          </reporter-output>
        </test-method> <!-- inafterclass -->
        <test-method is-config="true" signature="inaftertest()[pri:0, instance:testngexample.testnannotation@6404f418]" started-at="2024-02-02T05:10:25 GMT" name="inaftertest" finished-at="2024-02-02T05:10:25 GMT" duration-ms="0" status="PASS">
          <reporter-output>
          </reporter-output>
        </test-method> <!-- inaftertest -->
      </class> <!-- testngexample.testnannotation -->
    </test> <!-- Default test -->
  </suite> <!-- Default suite -->
</testng-results>
