<?xml version="1.0" encoding="UTF-8"?>
<!-- Generated by org.testng.reporters.JUnitXMLReporter -->
<testsuite ignored="0" hostname="EC2AMAZ-S11DBRH" failures="0" tests="3" name="Default test" time="0.102" errors="0" timestamp="2024-02-02T05:10:25 GMT">
  <testcase classname="testngexample.testnannotation" name="testcase1" time="0.007"/>
  <testcase classname="testngexample.testnannotation" name="testcase3" time="0.004"/>
  <testcase classname="testngexample.testnannotation" name="testcase2" time="0.002"/>
</testsuite> <!-- Default test -->
